{"C:\\billiard-reservasi\\backend\\server.js": {"path":"C:\\billiard-reservasi\\backend\\server.js","statementMap":{"0":{"start":{"line":1,"column":0},"end":{"line":1,"column":27}},"1":{"start":{"line":2,"column":16},"end":{"line":2,"column":34}},"2":{"start":{"line":3,"column":13},"end":{"line":3,"column":28}},"3":{"start":{"line":4,"column":22},"end":{"line":4,"column":41}},"4":{"start":{"line":7,"column":19},"end":{"line":7,"column":49}},"5":{"start":{"line":8,"column":19},"end":{"line":8,"column":49}},"6":{"start":{"line":9,"column":24},"end":{"line":9,"column":59}},"7":{"start":{"line":11,"column":12},"end":{"line":11,"column":21}},"8":{"start":{"line":14,"column":0},"end":{"line":14,"column":16}},"9":{"start":{"line":15,"column":0},"end":{"line":15,"column":24}},"10":{"start":{"line":20,"column":0},"end":{"line":20,"column":33}},"11":{"start":{"line":21,"column":0},"end":{"line":21,"column":33}},"12":{"start":{"line":22,"column":0},"end":{"line":22,"column":43}},"13":{"start":{"line":25,"column":0},"end":{"line":28,"column":3}},"14":{"start":{"line":26,"column":2},"end":{"line":26,"column":27}},"15":{"start":{"line":27,"column":2},"end":{"line":27,"column":97}},"16":{"start":{"line":31,"column":13},"end":{"line":31,"column":37}},"17":{"start":{"line":34,"column":0},"end":{"line":45,"column":1}},"18":{"start":{"line":35,"column":2},"end":{"line":44,"column":7}},"19":{"start":{"line":37,"column":6},"end":{"line":37,"column":58}},"20":{"start":{"line":38,"column":6},"end":{"line":40,"column":9}},"21":{"start":{"line":39,"column":8},"end":{"line":39,"column":72}},"22":{"start":{"line":43,"column":6},"end":{"line":43,"column":47}},"23":{"start":{"line":48,"column":0},"end":{"line":48,"column":21}}},"fnMap":{"0":{"name":"(anonymous_0)","decl":{"start":{"line":25,"column":8},"end":{"line":25,"column":9}},"loc":{"start":{"line":25,"column":33},"end":{"line":28,"column":1}},"line":25},"1":{"name":"(anonymous_1)","decl":{"start":{"line":36,"column":10},"end":{"line":36,"column":11}},"loc":{"start":{"line":36,"column":16},"end":{"line":41,"column":5}},"line":36},"2":{"name":"(anonymous_2)","decl":{"start":{"line":38,"column":23},"end":{"line":38,"column":24}},"loc":{"start":{"line":38,"column":29},"end":{"line":40,"column":7}},"line":38},"3":{"name":"(anonymous_3)","decl":{"start":{"line":42,"column":11},"end":{"line":42,"column":12}},"loc":{"start":{"line":42,"column":18},"end":{"line":44,"column":5}},"line":42}},"branchMap":{"0":{"loc":{"start":{"line":31,"column":13},"end":{"line":31,"column":37}},"type":"binary-expr","locations":[{"start":{"line":31,"column":13},"end":{"line":31,"column":29}},{"start":{"line":31,"column":33},"end":{"line":31,"column":37}}],"line":31},"1":{"loc":{"start":{"line":34,"column":0},"end":{"line":45,"column":1}},"type":"if","locations":[{"start":{"line":34,"column":0},"end":{"line":45,"column":1}},{"start":{},"end":{}}],"line":34}},"s":{"0":1,"1":1,"2":1,"3":1,"4":1,"5":1,"6":1,"7":1,"8":1,"9":1,"10":1,"11":1,"12":1,"13":1,"14":0,"15":0,"16":1,"17":1,"18":0,"19":0,"20":0,"21":0,"22":0,"23":1},"f":{"0":0,"1":0,"2":0,"3":0},"b":{"0":[1,0],"1":[0,1]},"_coverageSchema":"1a1c01bbd47fc00a2c39e90264f33305004495a9","hash":"8abe2c85a1bb6af2e83918bef13de7e0a2e3eb8a"}
,"C:\\billiard-reservasi\\backend\\controllers\\authController.js": {"path":"C:\\billiard-reservasi\\backend\\controllers\\authController.js","statementMap":{"0":{"start":{"line":1,"column":15},"end":{"line":1,"column":34}},"1":{"start":{"line":2,"column":12},"end":{"line":2,"column":35}},"2":{"start":{"line":3,"column":17},"end":{"line":3,"column":37}},"3":{"start":{"line":5,"column":0},"end":{"line":14,"column":2}},"4":{"start":{"line":6,"column":2},"end":{"line":13,"column":3}},"5":{"start":{"line":7,"column":38},"end":{"line":7,"column":46}},"6":{"start":{"line":8,"column":27},"end":{"line":8,"column":58}},"7":{"start":{"line":9,"column":17},"end":{"line":9,"column":77}},"8":{"start":{"line":10,"column":4},"end":{"line":10,"column":118}},"9":{"start":{"line":12,"column":4},"end":{"line":12,"column":103}},"10":{"start":{"line":16,"column":0},"end":{"line":30,"column":2}},"11":{"start":{"line":17,"column":2},"end":{"line":29,"column":3}},"12":{"start":{"line":18,"column":32},"end":{"line":18,"column":40}},"13":{"start":{"line":19,"column":17},"end":{"line":19,"column":57}},"14":{"start":{"line":21,"column":4},"end":{"line":23,"column":5}},"15":{"start":{"line":22,"column":6},"end":{"line":22,"column":93}},"16":{"start":{"line":25,"column":18},"end":{"line":25,"column":105}},"17":{"start":{"line":26,"column":4},"end":{"line":26,"column":133}},"18":{"start":{"line":28,"column":4},"end":{"line":28,"column":83}},"19":{"start":{"line":33,"column":0},"end":{"line":44,"column":2}},"20":{"start":{"line":34,"column":2},"end":{"line":43,"column":3}},"21":{"start":{"line":35,"column":18},"end":{"line":39,"column":6}},"22":{"start":{"line":40,"column":4},"end":{"line":40,"column":89}},"23":{"start":{"line":42,"column":4},"end":{"line":42,"column":110}}},"fnMap":{"0":{"name":"(anonymous_0)","decl":{"start":{"line":5,"column":19},"end":{"line":5,"column":20}},"loc":{"start":{"line":5,"column":39},"end":{"line":14,"column":1}},"line":5},"1":{"name":"(anonymous_1)","decl":{"start":{"line":16,"column":16},"end":{"line":16,"column":17}},"loc":{"start":{"line":16,"column":36},"end":{"line":30,"column":1}},"line":16},"2":{"name":"(anonymous_2)","decl":{"start":{"line":33,"column":22},"end":{"line":33,"column":23}},"loc":{"start":{"line":33,"column":42},"end":{"line":44,"column":1}},"line":33}},"branchMap":{"0":{"loc":{"start":{"line":21,"column":4},"end":{"line":23,"column":5}},"type":"if","locations":[{"start":{"line":21,"column":4},"end":{"line":23,"column":5}},{"start":{},"end":{}}],"line":21},"1":{"loc":{"start":{"line":21,"column":8},"end":{"line":21,"column":65}},"type":"binary-expr","locations":[{"start":{"line":21,"column":8},"end":{"line":21,"column":13}},{"start":{"line":21,"column":17},"end":{"line":21,"column":65}}],"line":21}},"s":{"0":1,"1":1,"2":1,"3":1,"4":0,"5":0,"6":0,"7":0,"8":0,"9":0,"10":1,"11":0,"12":0,"13":0,"14":0,"15":0,"16":0,"17":0,"18":0,"19":1,"20":0,"21":0,"22":0,"23":0},"f":{"0":0,"1":0,"2":0},"b":{"0":[0,0],"1":[0,0]},"_coverageSchema":"1a1c01bbd47fc00a2c39e90264f33305004495a9","hash":"973cf77beae83b4f75f99724496dbeda494724ed"}
,"C:\\billiard-reservasi\\backend\\controllers\\mejaController.js": {"path":"C:\\billiard-reservasi\\backend\\controllers\\mejaController.js","statementMap":{"0":{"start":{"line":1,"column":17},"end":{"line":1,"column":37}},"1":{"start":{"line":4,"column":0},"end":{"line":11,"column":2}},"2":{"start":{"line":5,"column":2},"end":{"line":10,"column":3}},"3":{"start":{"line":6,"column":18},"end":{"line":6,"column":38}},"4":{"start":{"line":7,"column":4},"end":{"line":7,"column":84}},"5":{"start":{"line":9,"column":4},"end":{"line":9,"column":105}},"6":{"start":{"line":14,"column":0},"end":{"line":22,"column":2}},"7":{"start":{"line":15,"column":2},"end":{"line":21,"column":3}},"8":{"start":{"line":16,"column":53},"end":{"line":16,"column":61}},"9":{"start":{"line":17,"column":17},"end":{"line":17,"column":76}},"10":{"start":{"line":18,"column":4},"end":{"line":18,"column":94}},"11":{"start":{"line":20,"column":4},"end":{"line":20,"column":99}},"12":{"start":{"line":25,"column":0},"end":{"line":38,"column":2}},"13":{"start":{"line":26,"column":2},"end":{"line":37,"column":3}},"14":{"start":{"line":27,"column":19},"end":{"line":27,"column":29}},"15":{"start":{"line":28,"column":61},"end":{"line":28,"column":69}},"16":{"start":{"line":29,"column":17},"end":{"line":29,"column":40}},"17":{"start":{"line":31,"column":4},"end":{"line":31,"column":96}},"18":{"start":{"line":31,"column":15},"end":{"line":31,"column":96}},"19":{"start":{"line":33,"column":4},"end":{"line":33,"column":72}},"20":{"start":{"line":34,"column":4},"end":{"line":34,"column":79}},"21":{"start":{"line":36,"column":4},"end":{"line":36,"column":97}},"22":{"start":{"line":41,"column":0},"end":{"line":52,"column":2}},"23":{"start":{"line":42,"column":2},"end":{"line":51,"column":3}},"24":{"start":{"line":43,"column":19},"end":{"line":43,"column":29}},"25":{"start":{"line":44,"column":17},"end":{"line":44,"column":40}},"26":{"start":{"line":45,"column":4},"end":{"line":45,"column":96}},"27":{"start":{"line":45,"column":15},"end":{"line":45,"column":96}},"28":{"start":{"line":47,"column":4},"end":{"line":47,"column":25}},"29":{"start":{"line":48,"column":4},"end":{"line":48,"column":66}},"30":{"start":{"line":50,"column":4},"end":{"line":50,"column":100}},"31":{"start":{"line":57,"column":0},"end":{"line":70,"column":2}},"32":{"start":{"line":58,"column":2},"end":{"line":69,"column":3}},"33":{"start":{"line":59,"column":19},"end":{"line":59,"column":29}},"34":{"start":{"line":60,"column":23},"end":{"line":60,"column":31}},"35":{"start":{"line":61,"column":17},"end":{"line":61,"column":40}},"36":{"start":{"line":63,"column":4},"end":{"line":63,"column":96}},"37":{"start":{"line":63,"column":15},"end":{"line":63,"column":96}},"38":{"start":{"line":65,"column":4},"end":{"line":65,"column":34}},"39":{"start":{"line":66,"column":4},"end":{"line":66,"column":102}},"40":{"start":{"line":68,"column":4},"end":{"line":68,"column":106}}},"fnMap":{"0":{"name":"(anonymous_0)","decl":{"start":{"line":4,"column":21},"end":{"line":4,"column":22}},"loc":{"start":{"line":4,"column":41},"end":{"line":11,"column":1}},"line":4},"1":{"name":"(anonymous_1)","decl":{"start":{"line":14,"column":21},"end":{"line":14,"column":22}},"loc":{"start":{"line":14,"column":41},"end":{"line":22,"column":1}},"line":14},"2":{"name":"(anonymous_2)","decl":{"start":{"line":25,"column":21},"end":{"line":25,"column":22}},"loc":{"start":{"line":25,"column":41},"end":{"line":38,"column":1}},"line":25},"3":{"name":"(anonymous_3)","decl":{"start":{"line":41,"column":21},"end":{"line":41,"column":22}},"loc":{"start":{"line":41,"column":41},"end":{"line":52,"column":1}},"line":41},"4":{"name":"(anonymous_4)","decl":{"start":{"line":57,"column":27},"end":{"line":57,"column":28}},"loc":{"start":{"line":57,"column":47},"end":{"line":70,"column":1}},"line":57}},"branchMap":{"0":{"loc":{"start":{"line":31,"column":4},"end":{"line":31,"column":96}},"type":"if","locations":[{"start":{"line":31,"column":4},"end":{"line":31,"column":96}},{"start":{},"end":{}}],"line":31},"1":{"loc":{"start":{"line":45,"column":4},"end":{"line":45,"column":96}},"type":"if","locations":[{"start":{"line":45,"column":4},"end":{"line":45,"column":96}},{"start":{},"end":{}}],"line":45},"2":{"loc":{"start":{"line":63,"column":4},"end":{"line":63,"column":96}},"type":"if","locations":[{"start":{"line":63,"column":4},"end":{"line":63,"column":96}},{"start":{},"end":{}}],"line":63}},"s":{"0":1,"1":1,"2":0,"3":0,"4":0,"5":0,"6":1,"7":0,"8":0,"9":0,"10":0,"11":0,"12":1,"13":0,"14":0,"15":0,"16":0,"17":0,"18":0,"19":0,"20":0,"21":0,"22":1,"23":0,"24":0,"25":0,"26":0,"27":0,"28":0,"29":0,"30":0,"31":1,"32":0,"33":0,"34":0,"35":0,"36":0,"37":0,"38":0,"39":0,"40":0},"f":{"0":0,"1":0,"2":0,"3":0,"4":0},"b":{"0":[0,0],"1":[0,0],"2":[0,0]},"_coverageSchema":"1a1c01bbd47fc00a2c39e90264f33305004495a9","hash":"d41e273d8011dfedf1276688158af04cf68eac53"}
,"C:\\billiard-reservasi\\backend\\controllers\\reservasiController.js": {"path":"C:\\billiard-reservasi\\backend\\controllers\\reservasiController.js","statementMap":{"0":{"start":{"line":1,"column":34},"end":{"line":1,"column":54}},"1":{"start":{"line":2,"column":15},"end":{"line":2,"column":35}},"2":{"start":{"line":5,"column":0},"end":{"line":50,"column":2}},"3":{"start":{"line":6,"column":2},"end":{"line":49,"column":3}},"4":{"start":{"line":7,"column":66},"end":{"line":7,"column":74}},"5":{"start":{"line":8,"column":20},"end":{"line":8,"column":31}},"6":{"start":{"line":11,"column":17},"end":{"line":11,"column":45}},"7":{"start":{"line":12,"column":4},"end":{"line":12,"column":96}},"8":{"start":{"line":12,"column":15},"end":{"line":12,"column":96}},"9":{"start":{"line":15,"column":4},"end":{"line":17,"column":5}},"10":{"start":{"line":16,"column":6},"end":{"line":16,"column":112}},"11":{"start":{"line":20,"column":26},"end":{"line":32,"column":6}},"12":{"start":{"line":34,"column":4},"end":{"line":39,"column":5}},"13":{"start":{"line":35,"column":6},"end":{"line":38,"column":9}},"14":{"start":{"line":42,"column":22},"end":{"line":44,"column":6}},"15":{"start":{"line":46,"column":4},"end":{"line":46,"column":101}},"16":{"start":{"line":48,"column":4},"end":{"line":48,"column":103}},"17":{"start":{"line":53,"column":0},"end":{"line":65,"column":2}},"18":{"start":{"line":54,"column":2},"end":{"line":64,"column":3}},"19":{"start":{"line":55,"column":20},"end":{"line":55,"column":31}},"20":{"start":{"line":56,"column":20},"end":{"line":60,"column":6}},"21":{"start":{"line":61,"column":4},"end":{"line":61,"column":84}},"22":{"start":{"line":63,"column":4},"end":{"line":63,"column":103}},"23":{"start":{"line":68,"column":0},"end":{"line":81,"column":2}},"24":{"start":{"line":69,"column":2},"end":{"line":80,"column":3}},"25":{"start":{"line":70,"column":22},"end":{"line":76,"column":6}},"26":{"start":{"line":77,"column":4},"end":{"line":77,"column":90}},"27":{"start":{"line":79,"column":4},"end":{"line":79,"column":100}},"28":{"start":{"line":84,"column":0},"end":{"line":103,"column":2}},"29":{"start":{"line":85,"column":2},"end":{"line":102,"column":3}},"30":{"start":{"line":86,"column":19},"end":{"line":86,"column":29}},"31":{"start":{"line":87,"column":23},"end":{"line":87,"column":31}},"32":{"start":{"line":89,"column":22},"end":{"line":89,"column":50}},"33":{"start":{"line":90,"column":4},"end":{"line":90,"column":106}},"34":{"start":{"line":90,"column":20},"end":{"line":90,"column":106}},"35":{"start":{"line":92,"column":4},"end":{"line":92,"column":39}},"36":{"start":{"line":95,"column":4},"end":{"line":97,"column":5}},"37":{"start":{"line":96,"column":6},"end":{"line":96,"column":85}},"38":{"start":{"line":99,"column":4},"end":{"line":99,"column":103}},"39":{"start":{"line":101,"column":4},"end":{"line":101,"column":99}},"40":{"start":{"line":108,"column":0},"end":{"line":127,"column":2}},"41":{"start":{"line":109,"column":2},"end":{"line":126,"column":3}},"42":{"start":{"line":110,"column":19},"end":{"line":110,"column":29}},"43":{"start":{"line":111,"column":20},"end":{"line":111,"column":31}},"44":{"start":{"line":114,"column":22},"end":{"line":114,"column":92}},"45":{"start":{"line":115,"column":4},"end":{"line":115,"column":124}},"46":{"start":{"line":115,"column":20},"end":{"line":115,"column":124}},"47":{"start":{"line":118,"column":4},"end":{"line":118,"column":55}},"48":{"start":{"line":121,"column":4},"end":{"line":121,"column":83}},"49":{"start":{"line":123,"column":4},"end":{"line":123,"column":111}},"50":{"start":{"line":125,"column":4},"end":{"line":125,"column":96}},"51":{"start":{"line":132,"column":0},"end":{"line":146,"column":2}},"52":{"start":{"line":133,"column":2},"end":{"line":145,"column":3}},"53":{"start":{"line":134,"column":19},"end":{"line":134,"column":29}},"54":{"start":{"line":136,"column":22},"end":{"line":136,"column":50}},"55":{"start":{"line":137,"column":4},"end":{"line":139,"column":5}},"56":{"start":{"line":138,"column":6},"end":{"line":138,"column":88}},"57":{"start":{"line":141,"column":4},"end":{"line":141,"column":30}},"58":{"start":{"line":142,"column":4},"end":{"line":142,"column":80}},"59":{"start":{"line":144,"column":4},"end":{"line":144,"column":104}}},"fnMap":{"0":{"name":"(anonymous_0)","decl":{"start":{"line":5,"column":26},"end":{"line":5,"column":27}},"loc":{"start":{"line":5,"column":46},"end":{"line":50,"column":1}},"line":5},"1":{"name":"(anonymous_1)","decl":{"start":{"line":53,"column":21},"end":{"line":53,"column":22}},"loc":{"start":{"line":53,"column":41},"end":{"line":65,"column":1}},"line":53},"2":{"name":"(anonymous_2)","decl":{"start":{"line":68,"column":26},"end":{"line":68,"column":27}},"loc":{"start":{"line":68,"column":46},"end":{"line":81,"column":1}},"line":68},"3":{"name":"(anonymous_3)","decl":{"start":{"line":84,"column":23},"end":{"line":84,"column":24}},"loc":{"start":{"line":84,"column":43},"end":{"line":103,"column":1}},"line":84},"4":{"name":"(anonymous_4)","decl":{"start":{"line":108,"column":25},"end":{"line":108,"column":26}},"loc":{"start":{"line":108,"column":45},"end":{"line":127,"column":1}},"line":108},"5":{"name":"(anonymous_5)","decl":{"start":{"line":132,"column":25},"end":{"line":132,"column":26}},"loc":{"start":{"line":132,"column":45},"end":{"line":146,"column":1}},"line":132}},"branchMap":{"0":{"loc":{"start":{"line":12,"column":4},"end":{"line":12,"column":96}},"type":"if","locations":[{"start":{"line":12,"column":4},"end":{"line":12,"column":96}},{"start":{},"end":{}}],"line":12},"1":{"loc":{"start":{"line":15,"column":4},"end":{"line":17,"column":5}},"type":"if","locations":[{"start":{"line":15,"column":4},"end":{"line":17,"column":5}},{"start":{},"end":{}}],"line":15},"2":{"loc":{"start":{"line":34,"column":4},"end":{"line":39,"column":5}},"type":"if","locations":[{"start":{"line":34,"column":4},"end":{"line":39,"column":5}},{"start":{},"end":{}}],"line":34},"3":{"loc":{"start":{"line":90,"column":4},"end":{"line":90,"column":106}},"type":"if","locations":[{"start":{"line":90,"column":4},"end":{"line":90,"column":106}},{"start":{},"end":{}}],"line":90},"4":{"loc":{"start":{"line":95,"column":4},"end":{"line":97,"column":5}},"type":"if","locations":[{"start":{"line":95,"column":4},"end":{"line":97,"column":5}},{"start":{},"end":{}}],"line":95},"5":{"loc":{"start":{"line":115,"column":4},"end":{"line":115,"column":124}},"type":"if","locations":[{"start":{"line":115,"column":4},"end":{"line":115,"column":124}},{"start":{},"end":{}}],"line":115},"6":{"loc":{"start":{"line":137,"column":4},"end":{"line":139,"column":5}},"type":"if","locations":[{"start":{"line":137,"column":4},"end":{"line":139,"column":5}},{"start":{},"end":{}}],"line":137}},"s":{"0":1,"1":1,"2":1,"3":3,"4":3,"5":3,"6":3,"7":3,"8":0,"9":3,"10":1,"11":2,"12":2,"13":1,"14":1,"15":1,"16":0,"17":1,"18":1,"19":1,"20":1,"21":1,"22":0,"23":1,"24":1,"25":1,"26":1,"27":0,"28":1,"29":2,"30":2,"31":2,"32":2,"33":2,"34":1,"35":1,"36":1,"37":1,"38":1,"39":0,"40":1,"41":1,"42":1,"43":1,"44":1,"45":1,"46":0,"47":1,"48":1,"49":1,"50":0,"51":1,"52":2,"53":2,"54":2,"55":2,"56":1,"57":1,"58":1,"59":0},"f":{"0":3,"1":1,"2":1,"3":2,"4":1,"5":2},"b":{"0":[0,3],"1":[1,2],"2":[1,1],"3":[1,1],"4":[1,0],"5":[0,1],"6":[1,1]},"_coverageSchema":"1a1c01bbd47fc00a2c39e90264f33305004495a9","hash":"7af86614ce623e9608f20ec4f7291331e2be985b"}
,"C:\\billiard-reservasi\\backend\\routes\\authRoutes.js": {"path":"C:\\billiard-reservasi\\backend\\routes\\authRoutes.js","statementMap":{"0":{"start":{"line":1,"column":16},"end":{"line":1,"column":34}},"1":{"start":{"line":2,"column":15},"end":{"line":2,"column":31}},"2":{"start":{"line":3,"column":23},"end":{"line":3,"column":63}},"3":{"start":{"line":6,"column":33},"end":{"line":6,"column":72}},"4":{"start":{"line":8,"column":0},"end":{"line":8,"column":50}},"5":{"start":{"line":9,"column":0},"end":{"line":9,"column":44}},"6":{"start":{"line":13,"column":0},"end":{"line":13,"column":77}},"7":{"start":{"line":15,"column":0},"end":{"line":15,"column":24}}},"fnMap":{},"branchMap":{},"s":{"0":1,"1":1,"2":1,"3":1,"4":1,"5":1,"6":1,"7":1},"f":{},"b":{},"_coverageSchema":"1a1c01bbd47fc00a2c39e90264f33305004495a9","hash":"9fcfea958656949a449136f2eea70314590de221"}
,"C:\\billiard-reservasi\\backend\\routes\\mejaRoutes.js": {"path":"C:\\billiard-reservasi\\backend\\routes\\mejaRoutes.js","statementMap":{"0":{"start":{"line":1,"column":16},"end":{"line":1,"column":34}},"1":{"start":{"line":2,"column":15},"end":{"line":2,"column":31}},"2":{"start":{"line":3,"column":23},"end":{"line":3,"column":63}},"3":{"start":{"line":4,"column":33},"end":{"line":4,"column":72}},"4":{"start":{"line":7,"column":0},"end":{"line":7,"column":43}},"5":{"start":{"line":10,"column":0},"end":{"line":10,"column":66}},"6":{"start":{"line":13,"column":0},"end":{"line":13,"column":81}},"7":{"start":{"line":16,"column":0},"end":{"line":16,"column":68}},"8":{"start":{"line":17,"column":0},"end":{"line":17,"column":71}},"9":{"start":{"line":19,"column":0},"end":{"line":19,"column":24}}},"fnMap":{},"branchMap":{},"s":{"0":1,"1":1,"2":1,"3":1,"4":1,"5":1,"6":1,"7":1,"8":1,"9":1},"f":{},"b":{},"_coverageSchema":"1a1c01bbd47fc00a2c39e90264f33305004495a9","hash":"f32ac2f912721cb64f87e53a2330e63f95c05a78"}
,"C:\\billiard-reservasi\\backend\\routes\\reservasiRoutes.js": {"path":"C:\\billiard-reservasi\\backend\\routes\\reservasiRoutes.js","statementMap":{"0":{"start":{"line":1,"column":16},"end":{"line":1,"column":34}},"1":{"start":{"line":2,"column":15},"end":{"line":2,"column":31}},"2":{"start":{"line":3,"column":28},"end":{"line":3,"column":73}},"3":{"start":{"line":4,"column":33},"end":{"line":4,"column":72}},"4":{"start":{"line":7,"column":0},"end":{"line":7,"column":67}},"5":{"start":{"line":8,"column":0},"end":{"line":8,"column":68}},"6":{"start":{"line":10,"column":0},"end":{"line":10,"column":74}},"7":{"start":{"line":13,"column":0},"end":{"line":13,"column":75}},"8":{"start":{"line":14,"column":0},"end":{"line":14,"column":82}},"9":{"start":{"line":17,"column":0},"end":{"line":17,"column":80}},"10":{"start":{"line":19,"column":0},"end":{"line":19,"column":24}}},"fnMap":{},"branchMap":{},"s":{"0":1,"1":1,"2":1,"3":1,"4":1,"5":1,"6":1,"7":1,"8":1,"9":1,"10":1},"f":{},"b":{},"_coverageSchema":"1a1c01bbd47fc00a2c39e90264f33305004495a9","hash":"9915888cbc758ae4f853dc9fef72f9615ec4be9b"}
}
