TN:
SF:server.js
FN:25,(anonymous_0)
FN:36,(anonymous_1)
FN:38,(anonymous_2)
FN:42,(anonymous_3)
FNF:4
FNH:0
FNDA:0,(anonymous_0)
FNDA:0,(anonymous_1)
FNDA:0,(anonymous_2)
FNDA:0,(anonymous_3)
DA:1,1
DA:2,1
DA:3,1
DA:4,1
DA:7,1
DA:8,1
DA:9,1
DA:11,1
DA:14,1
DA:15,1
DA:20,1
DA:21,1
DA:22,1
DA:25,1
DA:26,0
DA:27,0
DA:31,1
DA:34,1
DA:35,0
DA:37,0
DA:38,0
DA:39,0
DA:43,0
DA:48,1
LF:24
LH:17
BRDA:31,0,0,1
BRDA:31,0,1,0
BRDA:34,1,0,0
BRDA:34,1,1,1
BRF:4
BRH:2
end_of_record
TN:
SF:controllers\authController.js
FN:5,(anonymous_0)
FN:16,(anonymous_1)
FN:33,(anonymous_2)
FNF:3
FNH:0
FNDA:0,(anonymous_0)
FNDA:0,(anonymous_1)
FNDA:0,(anonymous_2)
DA:1,1
DA:2,1
DA:3,1
DA:5,1
DA:6,0
DA:7,0
DA:8,0
DA:9,0
DA:10,0
DA:12,0
DA:16,1
DA:17,0
DA:18,0
DA:19,0
DA:21,0
DA:22,0
DA:25,0
DA:26,0
DA:28,0
DA:33,1
DA:34,0
DA:35,0
DA:40,0
DA:42,0
LF:24
LH:6
BRDA:21,0,0,0
BRDA:21,0,1,0
BRDA:21,1,0,0
BRDA:21,1,1,0
BRF:4
BRH:0
end_of_record
TN:
SF:controllers\mejaController.js
FN:4,(anonymous_0)
FN:14,(anonymous_1)
FN:25,(anonymous_2)
FN:41,(anonymous_3)
FN:57,(anonymous_4)
FNF:5
FNH:0
FNDA:0,(anonymous_0)
FNDA:0,(anonymous_1)
FNDA:0,(anonymous_2)
FNDA:0,(anonymous_3)
FNDA:0,(anonymous_4)
DA:1,1
DA:4,1
DA:5,0
DA:6,0
DA:7,0
DA:9,0
DA:14,1
DA:15,0
DA:16,0
DA:17,0
DA:18,0
DA:20,0
DA:25,1
DA:26,0
DA:27,0
DA:28,0
DA:29,0
DA:31,0
DA:33,0
DA:34,0
DA:36,0
DA:41,1
DA:42,0
DA:43,0
DA:44,0
DA:45,0
DA:47,0
DA:48,0
DA:50,0
DA:57,1
DA:58,0
DA:59,0
DA:60,0
DA:61,0
DA:63,0
DA:65,0
DA:66,0
DA:68,0
LF:38
LH:6
BRDA:31,0,0,0
BRDA:31,0,1,0
BRDA:45,1,0,0
BRDA:45,1,1,0
BRDA:63,2,0,0
BRDA:63,2,1,0
BRF:6
BRH:0
end_of_record
TN:
SF:controllers\reservasiController.js
FN:5,(anonymous_0)
FN:53,(anonymous_1)
FN:68,(anonymous_2)
FN:84,(anonymous_3)
FN:108,(anonymous_4)
FN:132,(anonymous_5)
FNF:6
FNH:6
FNDA:3,(anonymous_0)
FNDA:1,(anonymous_1)
FNDA:1,(anonymous_2)
FNDA:2,(anonymous_3)
FNDA:1,(anonymous_4)
FNDA:2,(anonymous_5)
DA:1,1
DA:2,1
DA:5,1
DA:6,3
DA:7,3
DA:8,3
DA:11,3
DA:12,3
DA:15,3
DA:16,1
DA:20,2
DA:34,2
DA:35,1
DA:42,1
DA:46,1
DA:48,0
DA:53,1
DA:54,1
DA:55,1
DA:56,1
DA:61,1
DA:63,0
DA:68,1
DA:69,1
DA:70,1
DA:77,1
DA:79,0
DA:84,1
DA:85,2
DA:86,2
DA:87,2
DA:89,2
DA:90,2
DA:92,1
DA:95,1
DA:96,1
DA:99,1
DA:101,0
DA:108,1
DA:109,1
DA:110,1
DA:111,1
DA:114,1
DA:115,1
DA:118,1
DA:121,1
DA:123,1
DA:125,0
DA:132,1
DA:133,2
DA:134,2
DA:136,2
DA:137,2
DA:138,1
DA:141,1
DA:142,1
DA:144,0
LF:57
LH:51
BRDA:12,0,0,0
BRDA:12,0,1,3
BRDA:15,1,0,1
BRDA:15,1,1,2
BRDA:34,2,0,1
BRDA:34,2,1,1
BRDA:90,3,0,1
BRDA:90,3,1,1
BRDA:95,4,0,1
BRDA:95,4,1,0
BRDA:115,5,0,0
BRDA:115,5,1,1
BRDA:137,6,0,1
BRDA:137,6,1,1
BRF:14
BRH:11
end_of_record
TN:
SF:routes\authRoutes.js
FNF:0
FNH:0
DA:1,1
DA:2,1
DA:3,1
DA:6,1
DA:8,1
DA:9,1
DA:13,1
DA:15,1
LF:8
LH:8
BRF:0
BRH:0
end_of_record
TN:
SF:routes\mejaRoutes.js
FNF:0
FNH:0
DA:1,1
DA:2,1
DA:3,1
DA:4,1
DA:7,1
DA:10,1
DA:13,1
DA:16,1
DA:17,1
DA:19,1
LF:10
LH:10
BRF:0
BRH:0
end_of_record
TN:
SF:routes\reservasiRoutes.js
FNF:0
FNH:0
DA:1,1
DA:2,1
DA:3,1
DA:4,1
DA:7,1
DA:8,1
DA:10,1
DA:13,1
DA:14,1
DA:17,1
DA:19,1
LF:11
LH:11
BRF:0
BRH:0
end_of_record
